[    0.000000] Linux version 4.15.0-39-generic (buildd@lgw01-amd64-054) (gcc version 7.3.0 (Ubuntu 7.3.0-16ubuntu3)) #42-Ubuntu SMP Tue Oct 23 15:48:01 UTC 2018 (Ubuntu 4.15.0-39.42-generic 4.15.18)
[    0.000000] Command line: BOOT_IMAGE=/boot/vmlinuz-4.15.0-39-generic root=LABEL=cloudimg-rootfs ro console=tty1 console=ttyS0
[    0.000000] KERNEL supported cpus:
[    0.000000]   Intel GenuineIntel
[    0.000000]   AMD AuthenticAMD
[    0.000000]   Centaur CentaurHauls
[    0.000000] x86/fpu: x87 FPU will use FXSAVE
[    0.000000] e820: BIOS-provided physical RAM map:
[    0.000000] BIOS-e820: [mem 0x0000000000000000-0x000000000009fbff] usable
[    0.000000] BIOS-e820: [mem 0x000000000009fc00-0x000000000009ffff] reserved
[    0.000000] BIOS-e820: [mem 0x00000000000f0000-0x00000000000fffff] reserved
[    0.000000] BIOS-e820: [mem 0x0000000000100000-0x000000003ffeffff] usable
[    0.000000] BIOS-e820: [mem 0x000000003fff0000-0x000000003fffffff] ACPI data
[    0.000000] BIOS-e820: [mem 0x00000000fec00000-0x00000000fec00fff] reserved
[    0.000000] BIOS-e820: [mem 0x00000000fee00000-0x00000000fee00fff] reserved
[    0.000000] BIOS-e820: [mem 0x00000000fffc0000-0x00000000ffffffff] reserved
[    0.000000] NX (Execute Disable) protection: active
[    0.000000] SMBIOS 2.5 present.
[    0.000000] DMI: innotek GmbH VirtualBox/VirtualBox, BIOS VirtualBox 12/01/2006
[    0.000000] Hypervisor detected: KVM
[    0.000000] e820: last_pfn = 0x3fff0 max_arch_pfn = 0x400000000
[    0.000000] MTRR: Disabled
[    0.000000] x86/PAT: MTRRs disabled, skipping PAT initialization too.
[    0.000000] CPU MTRRs all blank - virtualized system.
[    0.000000] x86/PAT: Configuration [0-7]: WB  WT  UC- UC  WB  WT  UC- UC  
[    0.000000] found SMP MP-table at [mem 0x0009fff0-0x0009ffff] mapped at [        (ptrval)]
[    0.000000] Scanning 1 areas for low memory corruption
[    0.000000] RAMDISK: [mem 0x35ae3000-0x36d68fff]
[    0.000000] ACPI: Early table checksum verification disabled
[    0.000000] ACPI: RSDP 0x00000000000E0000 000024 (v02 VBOX  )
[    0.000000] ACPI: XSDT 0x000000003FFF0030 00003C (v01 VBOX   VBOXXSDT 00000001 ASL  00000061)
[    0.000000] ACPI: FACP 0x000000003FFF00F0 0000F4 (v04 VBOX   VBOXFACP 00000001 ASL  00000061)
[    0.000000] ACPI: DSDT 0x000000003FFF0470 0021FF (v02 VBOX   VBOXBIOS 00000002 INTL 20100528)
[    0.000000] ACPI: FACS 0x000000003FFF0200 000040
[    0.000000] ACPI: FACS 0x000000003FFF0200 000040
[    0.000000] ACPI: APIC 0x000000003FFF0240 000054 (v02 VBOX   VBOXAPIC 00000001 ASL  00000061)
[    0.000000] ACPI: SSDT 0x000000003FFF02A0 0001CC (v01 VBOX   VBOXCPUT 00000002 INTL 20100528)
[    0.000000] No NUMA configuration found
[    0.000000] Faking a node at [mem 0x0000000000000000-0x000000003ffeffff]
[    0.000000] NODE_DATA(0) allocated [mem 0x3ffc5000-0x3ffeffff]
[    0.000000] kvm-clock: cpu 0, msr 0:3ff44001, primary cpu clock
[    0.000000] kvm-clock: Using msrs 4b564d01 and 4b564d00
[    0.000000] kvm-clock: using sched offset of 4037919047 cycles
[    0.000000] clocksource: kvm-clock: mask: 0xffffffffffffffff max_cycles: 0x1cd42e4dffb, max_idle_ns: 881590591483 ns
[    0.000000] Zone ranges:
[    0.000000]   DMA      [mem 0x0000000000001000-0x0000000000ffffff]
[    0.000000]   DMA32    [mem 0x0000000001000000-0x000000003ffeffff]
[    0.000000]   Normal   empty
[    0.000000]   Device   empty
[    0.000000] Movable zone start for each node
[    0.000000] Early memory node ranges
[    0.000000]   node   0: [mem 0x0000000000001000-0x000000000009efff]
[    0.000000]   node   0: [mem 0x0000000000100000-0x000000003ffeffff]
[    0.000000] Initmem setup node 0 [mem 0x0000000000001000-0x000000003ffeffff]
[    0.000000] Reserved but unavailable: 98 pages
[    0.000000] ACPI: PM-Timer IO Port: 0x4008
[    0.000000] IOAPIC[0]: apic_id 1, version 32, address 0xfec00000, GSI 0-23
[    0.000000] ACPI: INT_SRC_OVR (bus 0 bus_irq 0 global_irq 2 dfl dfl)
[    0.000000] ACPI: INT_SRC_OVR (bus 0 bus_irq 9 global_irq 9 low level)
[    0.000000] Using ACPI (MADT) for SMP configuration information
[    0.000000] smpboot: Allowing 1 CPUs, 0 hotplug CPUs
[    0.000000] PM: Registered nosave memory: [mem 0x00000000-0x00000fff]
[    0.000000] PM: Registered nosave memory: [mem 0x0009f000-0x0009ffff]
[    0.000000] PM: Registered nosave memory: [mem 0x000a0000-0x000effff]
[    0.000000] PM: Registered nosave memory: [mem 0x000f0000-0x000fffff]
[    0.000000] e820: [mem 0x40000000-0xfebfffff] available for PCI devices
[    0.000000] Booting paravirtualized kernel on KVM
[    0.000000] clocksource: refined-jiffies: mask: 0xffffffff max_cycles: 0xffffffff, max_idle_ns: 7645519600211568 ns
[    0.000000] random: get_random_bytes called from start_kernel+0x99/0x4fd with crng_init=0
[    0.000000] setup_percpu: NR_CPUS:8192 nr_cpumask_bits:1 nr_cpu_ids:1 nr_node_ids:1
[    0.000000] percpu: Embedded 46 pages/cpu @        (ptrval) s151552 r8192 d28672 u2097152
[    0.000000] PV qspinlock hash table entries: 256 (order: 0, 4096 bytes)
[    0.000000] Built 1 zonelists, mobility grouping on.  Total pages: 257913
[    0.000000] Policy zone: DMA32
[    0.000000] Kernel command line: BOOT_IMAGE=/boot/vmlinuz-4.15.0-39-generic root=LABEL=cloudimg-rootfs ro console=tty1 console=ttyS0
[    0.000000] Memory: 983800K/1048120K available (12300K kernel code, 2472K rwdata, 4248K rodata, 2408K init, 2416K bss, 64320K reserved, 0K cma-reserved)
[    0.000000] SLUB: HWalign=64, Order=0-3, MinObjects=0, CPUs=1, Nodes=1
[    0.000000] Kernel/User page tables isolation: enabled
[    0.000000] ftrace: allocating 39178 entries in 154 pages
[    0.004000] Hierarchical RCU implementation.
[    0.004000] 	RCU restricting CPUs from NR_CPUS=8192 to nr_cpu_ids=1.
[    0.004000] 	Tasks RCU enabled.
[    0.004000] RCU: Adjusting geometry for rcu_fanout_leaf=16, nr_cpu_ids=1
[    0.004000] NR_IRQS: 524544, nr_irqs: 256, preallocated irqs: 16
[    0.004000] Console: colour VGA+ 80x25
[    0.004000] console [tty1] enabled
[    0.004000] console [ttyS0] enabled
[    0.004000] ACPI: Core revision 20170831
[    0.004000] ACPI: 2 ACPI AML tables successfully acquired and loaded
[    0.004000] APIC: Switch to symmetric I/O mode setup
[    0.004000] x2apic enabled
[    0.004017] Switched APIC routing to physical x2apic.
[    0.008000] ..TIMER: vector=0x30 apic1=0 pin1=2 apic2=-1 pin2=-1
[    0.008003] tsc: Detected 2992.496 MHz processor
[    0.012144] Calibrating delay loop (skipped) preset value.. 5984.99 BogoMIPS (lpj=11969984)
[    0.016003] pid_max: default: 32768 minimum: 301
[    0.018601] Security Framework initialized
[    0.020009] Yama: becoming mindful.
[    0.022046] AppArmor: AppArmor initialized
[    0.028190] Dentry cache hash table entries: 131072 (order: 8, 1048576 bytes)
[    0.032000] Inode-cache hash table entries: 65536 (order: 7, 524288 bytes)
[    0.032029] Mount-cache hash table entries: 2048 (order: 2, 16384 bytes)
[    0.036009] Mountpoint-cache hash table entries: 2048 (order: 2, 16384 bytes)
[    0.040607] mce: CPU supports 0 MCE banks
[    0.044038] process: using mwait in idle threads
[    0.048015] Last level iTLB entries: 4KB 128, 2MB 4, 4MB 4
[    0.051044] Last level dTLB entries: 4KB 256, 2MB 0, 4MB 32, 1GB 0
[    0.052004] Spectre V2 : Mitigation: Full generic retpoline
[    0.056003] Spectre V2 : Spectre v2 / SpectreRSB mitigation: Filling RSB on context switch
[    0.060003] Speculative Store Bypass: Vulnerable
[    0.379634] Freeing SMP alternatives memory: 36K
[    0.388000] APIC calibration not consistent with PM-Timer: 108ms instead of 100ms
[    0.388000] APIC delta adjusted to PM-Timer: 6477133 (7000075)
[    0.388105] smpboot: CPU0: Intel(R) Xeon(R) CPU           X5472  @ 3.00GHz (family: 0x6, model: 0x17, stepping: 0x6)
[    0.392327] Performance Events: unsupported p6 CPU model 23 no PMU driver, software events only.
[    0.396158] Hierarchical SRCU implementation.
[    0.400144] NMI watchdog: Perf event create on CPU 0 failed with -2
[    0.403559] NMI watchdog: Perf NMI watchdog permanently disabled
[    0.404149] smp: Bringing up secondary CPUs ...
[    0.408014] smp: Brought up 1 node, 1 CPU
[    0.409638] smpboot: Max logical packages: 1
[    0.412005] smpboot: Total of 1 processors activated (5984.99 BogoMIPS)
[    0.415917] devtmpfs: initialized
[    0.416123] x86/mm: Memory block size: 128MB
[    0.420236] evm: security.selinux
[    0.422098] evm: security.SMACK64
[    0.424005] evm: security.SMACK64EXEC
[    0.426149] evm: security.SMACK64TRANSMUTE
[    0.428003] evm: security.SMACK64MMAP
[    0.430022] evm: security.apparmor
[    0.432002] evm: security.ima
[    0.433642] evm: security.capability
[    0.435860] clocksource: jiffies: mask: 0xffffffff max_cycles: 0xffffffff, max_idle_ns: 7645041785100000 ns
[    0.436036] futex hash table entries: 256 (order: 2, 16384 bytes)
[    0.440106] pinctrl core: initialized pinctrl subsystem
[    0.443079] RTC time: 13:41:51, date: 11/26/18
[    0.444295] NET: Registered protocol family 16
[    0.448119] audit: initializing netlink subsys (disabled)
[    0.451404] cpuidle: using governor ladder
[    0.452003] cpuidle: using governor menu
[    0.456009] audit: type=2000 audit(1543239716.381:1): state=initialized audit_enabled=0 res=1
[    0.460000] ACPI: bus type PCI registered
[    0.460010] acpiphp: ACPI Hot Plug PCI Controller Driver version: 0.5
[    0.464146] PCI: Using configuration type 1 for base access
[    0.472146] HugeTLB registered 2.00 MiB page size, pre-allocated 0 pages
[    0.480826] ACPI: Added _OSI(Module Device)
[    0.484056] ACPI: Added _OSI(Processor Device)
[    0.488002] ACPI: Added _OSI(3.0 _SCP Extensions)
[    0.492003] ACPI: Added _OSI(Processor Aggregator Device)
[    0.496053] ACPI: Added _OSI(Linux-Dell-Video)
[    0.498517] ACPI: Added _OSI(Linux-Lenovo-NV-HDMI-Audio)
[    0.500945] ACPI: Executed 1 blocks of module-level executable AML code
[    0.510122] ACPI: Interpreter enabled
[    0.512058] ACPI: (supports S0 S5)
[    0.514037] ACPI: Using IOAPIC for interrupt routing
[    0.516490] PCI: Using host bridge windows from ACPI; if necessary, use "pci=nocrs" and report a bug
[    0.520290] ACPI: Enabled 2 GPEs in block 00 to 07
[    0.534675] ACPI: PCI Root Bridge [PCI0] (domain 0000 [bus 00-ff])
[    0.536056] acpi PNP0A03:00: _OSC: OS supports [ASPM ClockPM Segments MSI]
[    0.540039] acpi PNP0A03:00: _OSC: not requesting OS control; OS requires [ExtendedConfig ASPM ClockPM MSI]
[    0.544056] acpi PNP0A03:00: fail to add MMCONFIG information, can't access extended PCI configuration space under this bridge.
[    0.548579] PCI host bridge to bus 0000:00
[    0.550901] pci_bus 0000:00: root bus resource [io  0x0000-0x0cf7 window]
[    0.552004] pci_bus 0000:00: root bus resource [io  0x0d00-0xffff window]
[    0.556004] pci_bus 0000:00: root bus resource [mem 0x000a0000-0x000bffff window]
[    0.560004] pci_bus 0000:00: root bus resource [mem 0x40000000-0xfdffffff window]
[    0.564004] pci_bus 0000:00: root bus resource [bus 00-ff]
[    0.572488] pci 0000:00:01.1: legacy IDE quirk: reg 0x10: [io  0x01f0-0x01f7]
[    0.576003] pci 0000:00:01.1: legacy IDE quirk: reg 0x14: [io  0x03f6]
[    0.579531] pci 0000:00:01.1: legacy IDE quirk: reg 0x18: [io  0x0170-0x0177]
[    0.580003] pci 0000:00:01.1: legacy IDE quirk: reg 0x1c: [io  0x0376]
[    0.607645] pci 0000:00:07.0: quirk: [io  0x4000-0x403f] claimed by PIIX4 ACPI
[    0.608034] pci 0000:00:07.0: quirk: [io  0x4100-0x410f] claimed by PIIX4 SMB
[    0.624841] ACPI: PCI Interrupt Link [LNKA] (IRQs 5 9 10 *11)
[    0.628481] ACPI: PCI Interrupt Link [LNKB] (IRQs 5 9 *10 11)
[    0.632184] ACPI: PCI Interrupt Link [LNKC] (IRQs 5 *9 10 11)
[    0.636206] ACPI: PCI Interrupt Link [LNKD] (IRQs 5 9 10 *11)
[    0.640000] SCSI subsystem initialized
[    0.640641] pci 0000:00:02.0: vgaarb: setting as boot VGA device
[    0.643915] pci 0000:00:02.0: vgaarb: VGA device added: decodes=io+mem,owns=io+mem,locks=none
[    0.644005] pci 0000:00:02.0: vgaarb: bridge control possible
[    0.648003] vgaarb: loaded
[    0.649648] ACPI: bus type USB registered
[    0.652076] usbcore: registered new interface driver usbfs
[    0.656027] usbcore: registered new interface driver hub
[    0.658989] usbcore: registered new device driver usb
[    0.660219] EDAC MC: Ver: 3.0.0
[    0.664715] PCI: Using ACPI for IRQ routing
[    0.667396] NetLabel: Initializing
[    0.668003] NetLabel:  domain hash size = 128
[    0.670451] NetLabel:  protocols = UNLABELED CIPSOv4 CALIPSO
[    0.672060] NetLabel:  unlabeled traffic allowed by default
[    0.676557] clocksource: Switched to clocksource kvm-clock
[    0.705877] VFS: Disk quotas dquot_6.6.0
[    0.708198] VFS: Dquot-cache hash table entries: 512 (order 0, 4096 bytes)
[    0.712146] AppArmor: AppArmor Filesystem Enabled
[    0.714970] pnp: PnP ACPI init
[    0.718337] pnp: PnP ACPI: found 3 devices
[    0.727631] clocksource: acpi_pm: mask: 0xffffff max_cycles: 0xffffff, max_idle_ns: 2085701024 ns
[    0.732712] NET: Registered protocol family 2
[    0.736187] TCP established hash table entries: 8192 (order: 4, 65536 bytes)
[    0.740202] TCP bind hash table entries: 8192 (order: 5, 131072 bytes)
[    0.743827] TCP: Hash tables configured (established 8192 bind 8192)
[    0.749062] UDP hash table entries: 512 (order: 2, 16384 bytes)
[    0.755637] UDP-Lite hash table entries: 512 (order: 2, 16384 bytes)
[    0.759333] NET: Registered protocol family 1
[    0.761808] pci 0000:00:00.0: Limiting direct PCI/PCI transfers
[    0.764891] pci 0000:00:01.0: Activating ISA DMA hang workarounds
[    0.768176] pci 0000:00:02.0: Video device with shadowed ROM at [mem 0x000c0000-0x000dffff]
[    0.772798] Unpacking initramfs...
[    1.125328] Freeing initrd memory: 18968K
[    1.127605] platform rtc_cmos: registered platform RTC device (no PNP device found)
[    1.130777] Scanning for low memory corruption every 60 seconds
[    1.134219] Initialise system trusted keyrings
[    1.136758] Key type blacklist registered
[    1.139210] workingset: timestamp_bits=36 max_order=18 bucket_order=0
[    1.144888] zbud: loaded
[    1.146814] squashfs: version 4.0 (2009/01/31) Phillip Lougher
[    1.149378] fuse init (API version 7.26)
[    1.152389] Key type asymmetric registered
[    1.154183] Asymmetric key parser 'x509' registered
[    1.156134] Block layer SCSI generic (bsg) driver version 0.4 loaded (major 246)
[    1.158851] io scheduler noop registered
[    1.160451] io scheduler deadline registered
[    1.162681] io scheduler cfq registered (default)
[    1.165202] ACPI: AC Adapter [AC] (on-line)
[    1.167032] input: Power Button as /devices/LNXSYSTM:00/LNXPWRBN:00/input/input0
[    1.169733] ACPI: Power Button [PWRF]
[    1.171184] input: Sleep Button as /devices/LNXSYSTM:00/LNXSLPBN:00/input/input1
[    1.174249] ACPI: Sleep Button [SLPF]
[    1.177506] virtio-pci 0000:00:03.0: virtio_pci: leaving for legacy driver
[    1.180459] Serial: 8250/16550 driver, 32 ports, IRQ sharing enabled
[    1.206299] 00:02: ttyS0 at I/O 0x3f8 (irq = 4, base_baud = 115200) is a 16550A
[    1.211601] Linux agpgart interface v0.103
[    1.214954] loop: module loaded
[    1.217741] scsi host0: ata_piix
[    1.219723] scsi host1: ata_piix
[    1.221606] ata1: PATA max UDMA/33 cmd 0x1f0 ctl 0x3f6 bmdma 0xd000 irq 14
[    1.225397] ata2: PATA max UDMA/33 cmd 0x170 ctl 0x376 bmdma 0xd008 irq 15
[    1.230073] libphy: Fixed MDIO Bus: probed
[    1.232307] tun: Universal TUN/TAP device driver, 1.6
[    1.235026] PPP generic driver version 2.4.2
[    1.237375] ehci_hcd: USB 2.0 'Enhanced' Host Controller (EHCI) Driver
[    1.240927] ehci-pci: EHCI PCI platform driver
[    1.243421] ehci-platform: EHCI generic platform driver
[    1.246366] ohci_hcd: USB 1.1 'Open' Host Controller (OHCI) Driver
[    1.249758] ohci-pci: OHCI PCI platform driver
[    1.252153] ohci-platform: OHCI generic platform driver
[    1.255004] uhci_hcd: USB Universal Host Controller Interface driver
[    1.258649] i8042: PNP: PS/2 Controller [PNP0303:PS2K,PNP0f03:PS2M] at 0x60,0x64 irq 1,12
[    1.263822] serio: i8042 KBD port at 0x60,0x64 irq 1
[    1.266600] serio: i8042 AUX port at 0x60,0x64 irq 12
[    1.269524] mousedev: PS/2 mouse device common for all mice
[    1.272865] input: AT Translated Set 2 keyboard as /devices/platform/i8042/serio0/input/input2
[    1.277960] rtc_cmos rtc_cmos: rtc core: registered rtc_cmos as rtc0
[    1.281907] rtc_cmos rtc_cmos: alarms up to one day, 114 bytes nvram
[    1.285263] i2c /dev entries driver
[    1.294049] pcie_mp2_amd: AMD(R) PCI-E MP2 Communication Driver Version: 1.0
[    1.297951] device-mapper: uevent: version 1.0.3
[    1.300419] device-mapper: ioctl: 4.37.0-ioctl (2017-09-20) initialised: dm-devel@redhat.com
[    1.304324] ledtrig-cpu: registered to indicate activity on CPUs
[    1.308156] NET: Registered protocol family 10
[    1.340160] Segment Routing with IPv6
[    1.342697] NET: Registered protocol family 17
[    1.345288] Key type dns_resolver registered
[    1.348203] RAS: Correctable Errors collector initialized.
[    1.350492] sched_clock: Marking stable (1350415335, 0)->(1888171573, -537756238)
[    1.356052] registered taskstats version 1
[    1.358385] Loading compiled-in X.509 certificates
[    1.376219] Loaded X.509 cert 'Build time autogenerated kernel key: 28c680bedc8638650c29d29ff1fd33ae66a2014d'
[    1.381705] zswap: loaded using pool lzo/zbud
[    1.412344] Key type big_key registered
[    1.414704] Key type trusted registered
[    1.430763] Key type encrypted registered
[    1.433095] AppArmor: AppArmor sha1 policy hashing enabled
[    1.436239] ima: No TPM chip found, activating TPM-bypass! (rc=-19)
[    1.439675] ima: Allocated hash algorithm: sha1
[    1.442190] evm: HMAC attrs: 0x1
[    1.444552]   Magic number: 10:496:686
[    1.446791] rtc_cmos rtc_cmos: setting system clock to 2018-11-26 13:41:52 UTC (1543239712)
[    1.451706] BIOS EDD facility v0.16 2004-Jun-25, 0 devices found
[    1.455024] EDD information not available.
[    1.469536] Freeing unused kernel memory: 2408K
[    1.472098] Write protecting the kernel read-only data: 20480k
[    1.480399] Freeing unused kernel memory: 2008K
[    1.487854] Freeing unused kernel memory: 1896K
[    1.499033] x86/mm: Checked W+X mappings: passed, no W+X pages found.
[    1.501443] x86/mm: Checking user space page tables
[    1.512152] x86/mm: Checked W+X mappings: passed, no W+X pages found.
Loading, please wait...
starting version 237
[    2.144552] tsc: Refined TSC clocksource calibration: 2996.007 MHz
[    2.147883] clocksource: tsc: mask: 0xffffffffffffffff max_cycles: 0x2b2f893e74e, max_idle_ns: 440795280212 ns
[    2.414161] Fusion MPT base driver 3.04.20
[    2.416722] Copyright (c) 1999-2008 LSI Corporation
[    2.457059] Fusion MPT SPI Host driver 3.04.20
[    2.497463] mptbase: ioc0: Initiating bringup
[    2.625416] random: fast init done
[    2.628602] ioc0: LSI53C1030 A0: Capabilities={Initiator}
[    2.633645] input: ImExPS/2 Generic Explorer Mouse as /devices/platform/i8042/serio1/input/input4
[    2.638468] random: systemd-udevd: uninitialized urandom read (16 bytes read)
[    2.642773] random: systemd-udevd: uninitialized urandom read (16 bytes read)
[    2.656427] random: systemd-udevd: uninitialized urandom read (16 bytes read)
[    2.733199] virtio_net virtio0 enp0s3: renamed from eth0
[    2.883066] scsi host2: ioc0: LSI53C1030 A0, FwRev=00000000h, Ports=1, MaxQ=256, IRQ=20
[    3.053731] scsi 2:0:0:0: Direct-Access     VBOX     HARDDISK         1.0  PQ: 0 ANSI: 5
[    3.059390] scsi target2:0:0: Beginning Domain Validation
[    3.063852] scsi target2:0:0: Domain Validation skipping write tests
[    3.067371] scsi target2:0:0: Ending Domain Validation
[    3.070291] scsi target2:0:0: asynchronous
[    3.073403] scsi 2:0:1:0: Direct-Access     VBOX     HARDDISK         1.0  PQ: 0 ANSI: 5
[    3.077965] scsi target2:0:1: Beginning Domain Validation
[    3.082349] scsi target2:0:1: Domain Validation skipping write tests
[    3.085831] scsi target2:0:1: Ending Domain Validation
[    3.088759] scsi target2:0:1: asynchronous
[    3.099298] sd 2:0:0:0: [sda] 20971520 512-byte logical blocks: (10.7 GB/10.0 GiB)
[    3.103898] sd 2:0:0:0: Attached scsi generic sg0 type 0
[    3.106844] sd 2:0:0:0: [sda] Write Protect is off
[    3.111133] sd 2:0:1:0: [sdb] 20480 512-byte logical blocks: (10.5 MB/10.0 MiB)
[    3.115361] sd 2:0:1:0: Attached scsi generic sg1 type 0
[    3.118308] sd 2:0:1:0: [sdb] Write Protect is off
[    3.121039] sd 2:0:0:0: [sda] Incomplete mode parameter data
[    3.124166] sd 2:0:0:0: [sda] Assuming drive cache: write through
[    3.127886] sd 2:0:1:0: [sdb] Incomplete mode parameter data
[    3.131094] sd 2:0:1:0: [sdb] Assuming drive cache: write through
[    3.137151]  sda: sda1
[    3.139859] sd 2:0:0:0: [sda] Attached SCSI disk
[    3.144596] sd 2:0:1:0: [sdb] Attached SCSI disk
Begin: Loading essential drivers ... [    5.768507] raid6: sse2x1   gen()  3993 MB/s
[    5.816308] raid6: sse2x1   xor()  4745 MB/s
[    5.864148] raid6: sse2x2   gen()  7378 MB/s
[    5.912980] raid6: sse2x2   xor()  4857 MB/s
[    5.960811] raid6: sse2x4   gen()  8710 MB/s
[    6.008682] raid6: sse2x4   xor()  6243 MB/s
[    6.010910] raid6: using algorithm sse2x4 gen() 8710 MB/s
[    6.014684] raid6: .... xor() 6243 MB/s, rmw enabled
[    6.017428] raid6: using ssse3x2 recovery algorithm
[    6.032555] xor: measuring software checksum speed
[    6.072130]    prefetch64-sse: 13602.000 MB/sec
[    6.112208]    generic_sse: 12553.000 MB/sec
[    6.114647] xor: using function: prefetch64-sse (13602.000 MB/sec)
[    6.127071] async_tx: api initialized (async)
done.
Begin: Running /scripts/init-premount ... done.
Begin: Mounting root file system ... Begin: Running /scripts/local-top ... done.
Begin: Running /scripts/local-premount ... [    6.516673] Btrfs loaded, crc32c=crc32c-generic
Scanning for Btrfs filesystems
done.
Warning: fsck not present, so skipping root file system
[    6.731619] EXT4-fs (sda1): mounted filesystem with ordered data mode. Opts: (null)
done.
Begin: Running /scripts/local-bottom ... done.
Begin: Running /scripts/init-bottom ... done.
[    7.216695] ip_tables: (C) 2000-2006 Netfilter Core Team
[    7.248494] systemd[1]: systemd 237 running in system mode. (+PAM +AUDIT +SELINUX +IMA +APPARMOR +SMACK +SYSVINIT +UTMP +LIBCRYPTSETUP +GCRYPT +GNUTLS +ACL +XZ +LZ4 +SECCOMP +BLKID +ELFUTILS +KMOD -IDN2 +IDN -PCRE2 default-hierarchy=hybrid)
[    7.259681] systemd[1]: Detected virtualization oracle.
[    7.263150] systemd[1]: Detected architecture x86-64.

Welcome to [1mUbuntu 18.04.1 LTS[0m!

[    7.284171] systemd[1]: Set hostname to <ubuntu-bionic>.
[    8.329822] systemd[1]: Reached target Swap.
[[0;32m  OK  [0m] Reached target Swap.
[    8.334643] systemd[1]: Reached target System Time Synchronized.
[[0;32m  OK  [0m] Reached target System Time Synchronized.
[    8.346575] systemd[1]: Created slice System Slice.
[[0;32m  OK  [0m] Created slice System Slice.
[    8.356693] systemd[1]: Listening on udev Control Socket.
[[0;32m  OK  [0m] Listening on udev Control Socket.
[    8.365647] systemd[1]: Created slice system-serial\x2dgetty.slice.
[[0;32m  OK  [0m] Created slice system-serial\x2dgetty.slice.
[    8.372967] systemd[1]: Listening on Journal Socket.
[[0;32m  OK  [0m] Listening on Journal Socket.
         Starting Uncomplicated firewall...
         Mounting Huge Pages File System...
         Starting Load Kernel Modules...
         Starting Create list of required st…ce nodes for the current kernel...
[[0;32m  OK  [0m] Listening on Device-mapper event daemon FIFOs.
[[0;32m  OK  [0m] Started Forward Password Requests to Wall Directory Watch.
[[0;32m  OK  [0m] Reached target User and Group Name Lookups.
[[0;32m  OK  [0m] Listening on Journal Socket (/dev/log).
         Mounting Kernel Debug File System...
[[0;32m  OK  [0m] Created slice User and Session Slice.
[[0;32m  OK  [0m] Reached target Slices.
[[0;32m  OK  [0m] Listening on /dev/initctl Compatibility Named Pipe.
[[0;32m  OK  [0m] Listening on Journal Audit Socket.
[[0;32m  OK  [0m] Set up automount Arbitrary Executab…rmats File System Automount Point.
[[0;32m  OK  [0m] Listening on Network Service Netlink Socket.
[[0;32m  OK  [0m] Listening on udev Kernel Socket.
[    8.603504] Loading iSCSI transport class v2.0-870.
         Starting udev Coldplug all Devices...
         Starting Set the console keyboard layout...
[    8.653781] iscsi: registered transport (tcp)
[[0;32m  OK  [0m] Listening on LVM2 poll daemon socket.
[    8.696127] random: crng init done
[    8.698273] random: 7 urandom warning(s) missed due to ratelimiting
         Mounting POSIX Message Queue File System...
         Starting Remount Root and Kernel File Systems...
[[0;32m  OK  [0m] Listening on Syslog Socket.
         Starting Journal Service...
[[0;32m  OK  [0m] Listening on LVM2 metadata daemon socket.
         Starting Monitoring of LVM2 mirrors…ng dmeventd or progress polling...
[[0;32m  OK  [0m] Started Uncomplicated firewall.
[[0;32m  OK  [0m] Mounted Huge Pages File System.
[[0;32m  OK  [0m] Started Create list of required sta…vice nodes for the current kernel.
[[0;32m  OK  [0m] Mounted Kernel Debug File System.
         Starting Create Static Device Nodes in /dev...
[[0;32m  OK  [0m] Mounted POSIX Message Queue File System.
[    9.100420] iscsi: registered transport (iser)
[[0;32m  OK  [0m] Started Load Kernel Modules.
         Starting Apply Kernel Variables...
         Mounting Kernel Configuration File System...
         Mounting FUSE Control File System...
[[0;32m  OK  [0m] Mounted Kernel Configuration File System.
[    9.354188] EXT4-fs (sda1): re-mounted. Opts: (null)
[[0;32m  OK  [0m] Mounted FUSE Control File System.
[[0;32m  OK  [0m] Started Remount Root and Kernel File Systems.
         Starting Initial cloud-init job (pre-networking)...
         Starting Load/Save Random Seed...
[[0;32m  OK  [0m] Started Create Static Device Nodes in /dev.
         Starting udev Kernel Device Manager...
[[0;32m  OK  [0m] Started Apply Kernel Variables.
[[0;32m  OK  [0m] Started LVM2 metadata daemon.
[[0;32m  OK  [0m] Started Load/Save Random Seed.
[[0;32m  OK  [0m] Started Monitoring of LVM2 mirrors,…sing dmeventd or progress polling.
[[0;32m  OK  [0m] Started udev Kernel Device Manager.
[[0;32m  OK  [0m] Started Journal Service.
         Starting Flush Journal to Persistent Storage...
[[0;32m  OK  [0m] Started Flush Journal to Persistent Storage.
[[0;32m  OK  [0m] Started Set the console keyboard layout.
[[0;32m  OK  [0m] Reached target Local File Systems (Pre).
[[0;32m  OK  [0m] Reached target Local File Systems.
         Starting ebtables ruleset management...
         Starting Create Volatile Files and Directories...
         Starting Set console font and keymap...
         Starting AppArmor initialization...
         Starting Tell Plymouth To Write Out Runtime Data...
[[0;32m  OK  [0m] Started Tell Plymouth To Write Out Runtime Data.
[[0;32m  OK  [0m] Started Set console font and keymap.
[[0;32m  OK  [0m] Started Create Volatile Files and Directories.
         Starting Update UTMP about System Boot/Shutdown...
[[0;32m  OK  [0m] Started udev Coldplug all Devices.
[[0;32m  OK  [0m] Started Dispatch Password Requests to Console Directory Watch.
[[0;32m  OK  [0m] Reached target Local Encrypted Volumes.
[[0;32m  OK  [0m] Started ebtables ruleset management.
[[0;32m  OK  [0m] Started Update UTMP about System Boot/Shutdown.
[[0;32m  OK  [0m] Started AppArmor initialization.
[   16.974468] cloud-init[378]: Cloud-init v. 18.4-0ubuntu1~18.04.1 running 'init-local' at Mon, 26 Nov 2018 13:42:05 +0000. Up 14.89 seconds.
[[0;32m  OK  [0m] Found device /dev/ttyS0.
[[0;32m  OK  [0m] Started Initial cloud-init job (pre-networking).
[[0;32m  OK  [0m] Reached target Network (Pre).
         Starting Network Service...
[[0;32m  OK  [0m] Started Network Service.
         Starting Wait for Network to be Configured...
         Starting Network Name Resolution...
[[0;32m  OK  [0m] Started Network Name Resolution.
[[0;32m  OK  [0m] Reached target Network.
[[0;32m  OK  [0m] Reached target Host and Network Name Lookups.
[[0;32m  OK  [0m] Listening on Load/Save RF Kill Switch Status /dev/rfkill Watch.
[[0;32m  OK  [0m] Started Wait for Network to be Configured.
         Starting Initial cloud-init job (metadata service crawler)...
[   23.315579] cloud-init[559]: Cloud-init v. 18.4-0ubuntu1~18.04.1 running 'init' at Mon, 26 Nov 2018 13:42:13 +0000. Up 22.46 seconds.
[   23.333388] cloud-init[559]: ci-info: ++++++++++++++++++++++++++++++++++++++Net device info++++++++++++++++++++++++++++++++++++++
[   23.360340] cloud-init[559]: ci-info: +--------+------+----------------------------+---------------+--------+-------------------+
[   23.373077] cloud-init[559]: ci-info: | Device |  Up  |          Address           |      Mask     | Scope  |     Hw-Address    |
[   23.397532] cloud-init[559]: ci-info: +--------+------+----------------------------+---------------+--------+-------------------+
[   23.404668] cloud-init[559]: ci-info: | enp0s3 | True |         10.0.2.15          | 255.255.255.0 | global | 02:ec:87:32:f5:66 |
[   23.420292] cloud-init[559]: ci-info: | enp0s3 | True | fe80::ec:87ff:fe32:f566/64 |       .       |  link  | 02:ec:87:32:f5:66 |
[   23.432681] cloud-init[559]: ci-info: |   lo   | True |         127.0.0.1          |   255.0.0.0   |  host  |         .         |
[   23.444870] cloud-init[559]: ci-info: |   lo   | True |          ::1/128           |       .       |  host  |         .         |
[   23.456479] cloud-init[559]: ci-info: +--------+------+----------------------------+---------------+--------+-------------------+
[   23.470630] cloud-init[559]: ci-info: ++++++++++++++++++++++++++++Route IPv4 info+++++++++++++++++++++++++++++
[   23.480371] cloud-init[559]: ci-info: +-------+-------------+----------+-----------------+-----------+-------+
[   23.489736] cloud-init[559]: ci-info: | Route | Destination | Gateway  |     Genmask     | Interface | Flags |
[   23.507155] cloud-init[559]: ci-info: +-------+-------------+----------+-----------------+-----------+-------+
[   23.512514] cloud-init[559]: ci-info: |   0   |   0.0.0.0   | 10.0.2.2 |     0.0.0.0     |   enp0s3  |   UG  |
[   23.520946] cloud-init[559]: ci-info: |   1   |   10.0.2.0  | 0.0.0.0  |  255.255.255.0  |   enp0s3  |   U   |
[   23.538378] cloud-init[559]: ci-info: |   2   |   10.0.2.2  | 0.0.0.0  | 255.255.255.255 |   enp0s3  |   UH  |
[   23.543526] cloud-init[559]: ci-info: +-------+-------------+----------+-----------------+-----------+-------+
[   23.553286] cloud-init[559]: ci-info: +++++++++++++++++++Route IPv6 info+++++++++++++++++++
[   23.561840] cloud-init[559]: ci-info: +-------+-------------+---------+-----------+-------+
[   23.572175] cloud-init[559]: ci-info: | Route | Destination | Gateway | Interface | Flags |
[   23.581354] cloud-init[559]: ci-info: +-------+-------------+---------+-----------+-------+
[   23.591308] cloud-init[559]: ci-info: |   1   |  fe80::/64  |    ::   |   enp0s3  |   U   |
[   23.601574] cloud-init[559]: ci-info: |   3   |    local    |    ::   |   enp0s3  |   U   |
[   23.616733] cloud-init[559]: ci-info: |   4   |   ff00::/8  |    ::   |   enp0s3  |   U   |
[   23.627498] cloud-init[559]: ci-info: +-------+-------------+---------+-----------+-------+
[[0;32m  OK  [0m] Started Initial cloud-init job (metadata service crawler).
[[0;32m  OK  [0m] Reached target System Initialization.
[[0;32m  OK  [0m] Started Discard unused blocks once a week.
[[0;32m  OK  [0m] Listening on D-Bus System Message Bus Socket.
[[0;32m  OK  [0m] Started Daily apt download activities.
[[0;32m  OK  [0m] Started Daily apt upgrade and clean activities.
[[0;32m  OK  [0m] Started Message of the Day.
         Starting Socket activation for snappy daemon.
[[0;32m  OK  [0m] Listening on UUID daemon activation socket.
[[0;32m  OK  [0m] Started ACPI Events Check.
[[0;32m  OK  [0m] Reached target Paths.
[[0;32m  OK  [0m] Started Daily Cleanup of Temporary Directories.
[[0;32m  OK  [0m] Reached target Timers.
[[0;32m  OK  [0m] Listening on Open-iSCSI iscsid Socket.
         Starting LXD - unix socket.
[[0;32m  OK  [0m] Listening on ACPID Listen Socket.
[[0;32m  OK  [0m] Reached target Cloud-config availability.
[[0;32m  OK  [0m] Reached target Network is Online.
[[0;32m  OK  [0m] Reached target Remote File Systems (Pre).
[[0;32m  OK  [0m] Reached target Remote File Systems.
         Starting Availability of block devices...
[[0;32m  OK  [0m] Listening on Socket activation for snappy daemon.
[[0;32m  OK  [0m] Listening on LXD - unix socket.
[[0;32m  OK  [0m] Reached target Sockets.
[[0;32m  OK  [0m] Reached target Basic System.
         Starting Dispatcher daemon for systemd-networkd...
         Starting Login Service...
         Starting LSB: automatic crash report generation...
         Starting Permit User Sessions...
[[0;32m  OK  [0m] Started FUSE filesystem for LXC.
         Starting System Logging Service...
[[0;32m  OK  [0m] Started Deferred execution scheduler.
[[0;32m  OK  [0m] Started D-Bus System Message Bus.
         Starting Accounts Service...
[[0;32m  OK  [0m] Started irqbalance daemon.
         Starting OpenBSD Secure Shell server...
         Starting LSB: Record successful boot for GRUB...
[[0;32m  OK  [0m] Started Unattended Upgrades Shutdown.
         Starting MariaDB 10.1.34 database server...
         Starting LXD - container startup/shutdown...
[[0;32m  OK  [0m] Started Regular background program processing daemon.
         Starting Snappy daemon...
         Starting Virtualbox guest utils...
[[0;32m  OK  [0m] Started System Logging Service.
[[0;32m  OK  [0m] Started Availability of block devices.
[[0;32m  OK  [0m] Started Permit User Sessions.
[[0;32m  OK  [0m] Started Login Service.
         Starting Hold until boot process finishes up...
         Starting Terminate Plymouth Boot Screen...
[[0;32m  OK  [0m] Started Hold until boot process finishes up.
         Starting Set console scheme...
[[0;32m  OK  [0m] Started Serial Getty on ttyS0.
[[0;32m  OK  [0m] Started Terminate Plymouth Boot Screen.
[[0;32m  OK  [0m] Started Set console scheme.
[[0;32m  OK  [0m] Created slice system-getty.slice.
[[0;32m  OK  [0m] Started Getty on tty1.
[[0;32m  OK  [0m] Reached target Login Prompts.
         Starting Authorization Manager...
[[0;32m  OK  [0m] Started LSB: automatic crash report generation.
[[0;32m  OK  [0m] Started OpenBSD Secure Shell server.
[[0;32m  OK  [0m] Started Authorization Manager.
[[0;32m  OK  [0m] Started Accounts Service.
[[0;32m  OK  [0m] Started LSB: Record successful boot for GRUB.
[[0;32m  OK  [0m] Started LXD - container startup/shutdown.
[[0;32m  OK  [0m] Started Snappy daemon.
         Starting Wait until snapd is fully seeded...
[[0;32m  OK  [0m] Started Virtualbox guest utils.
[[0;32m  OK  [0m] Started Dispatcher daemon for systemd-networkd.
[[0;32m  OK  [0m] Started Wait until snapd is fully seeded.
         Starting Apply the settings specified in cloud-config...
[[0;32m  OK  [0m] Created slice User Slice of vagrant.
         Starting User Manager for UID 1000...
[[0;32m  OK  [0m] Started Session 1 of user vagrant.
[[0;32m  OK  [0m] Started User Manager for UID 1000.

Ubuntu 18.04.1 LTS ubuntu-bionic ttyS0

ubuntu-bionic login: [   41.982396] cloud-init[773]: Cloud-init v. 18.4-0ubuntu1~18.04.1 running 'modules:config' at Mon, 26 Nov 2018 13:42:31 +0000. Up 40.68 seconds.
[   47.365224] cloud-init[1131]: Cloud-init v. 18.4-0ubuntu1~18.04.1 running 'modules:final' at Mon, 26 Nov 2018 13:42:37 +0000. Up 46.42 seconds.
[   47.419332] cloud-init[1131]: Cloud-init v. 18.4-0ubuntu1~18.04.1 finished at Mon, 26 Nov 2018 13:42:38 +0000. Datasource DataSourceNoCloud [seed=/dev/sdb][dsmode=net].  Up 47.29 seconds
